Arguments: 
  /usr/bin/nodejs /usr/share/yarn/bin/yarn.js add jquery --save

PATH: 
  /home/vagrant/.composer/vendor/bin:/home/vagrant/bin:/home/vagrant/.local/bin:/usr/local/sbin:/usr/local/bin:/usr/sbin:/usr/bin:/sbin:/bin:/usr/games:/usr/local/games:/snap/bin

Yarn version: 
  0.18.1

Node version: 
  6.9.1

Platform: 
  linux x64

npm manifest: 
  {
    "private": true,
    "scripts": {
      "prod": "gulp --production",
      "dev": "gulp watch"
    },
    "devDependencies": {
      "gulp": "^3.9.1",
      "laravel-elixir": "^5.0.0",
      "bootstrap-sass": "^3.0.0"
    }
  }

yarn manifest: 
  No manifest

Lockfile: 
  No lockfile

Trace: 
  Error: EPROTO: protocol error, symlink '../../../babylon/bin/babylon.js' -> '/home/vagrant/Code/Laravel/node_modules/babel-core/node_modules/.bin/babylon'
      at Error (native)
